# JRE version: OpenJDK Runtime Environment (17.0.11) (build 17.0.11+0--11852314)
# Java VM: OpenJDK 64-Bit Server VM (17.0.11+0--11852314, mixed mode, tiered, compressed oops, compressed class ptrs, g1 gc, windows-amd64)
GC Precious Log:
 CPUs: 4 total, 4 available
 Memory: 3783M
 Large Page Support: Disabled
 NUMA Support: Disabled
 Compressed Oops: Enabled (32-bit)
 Heap Region Size: 1M
 Heap Min Capacity: 8M
 Heap Initial Capacity: 60M
 Heap Max Capacity: 2G
 Pre-touch: Disabled
 Parallel Workers: 4
 Concurrent Workers: 1
 Concurrent Refinement Workers: 4
 Periodic GC: Disabled
Heap:
 garbage-first heap   total 263168K, used 195050K [0x0000000080000000, 0x0000000100000000)
  region size 1024K, 23 young (23552K), 6 survivors (6144K)
 Metaspace       used 134112K, committed 135168K, reserved 1179648K
  class space    used 18279K, committed 18816K, reserved 1048576K
GC Heap History (20 events):
Event: 3291.061 GC heap before
{Heap before GC invocations=70 (full 0):
 garbage-first heap   total 219136K, used 190949K [0x0000000080000000, 0x0000000100000000)
  region size 1024K, 32 young (32768K), 5 survivors (5120K)
 Metaspace       used 117008K, committed 118016K, reserved 1179648K
  class space    used 16034K, committed 16512K, reserved 1048576K
}
Event: 3291.145 GC heap after
{Heap after GC invocations=71 (full 0):
 garbage-first heap   total 219136K, used 164437K [0x0000000080000000, 0x0000000100000000)
  region size 1024K, 2 young (2048K), 2 survivors (2048K)
 Metaspace       used 117008K, committed 118016K, reserved 1179648K
  class space    used 16034K, committed 16512K, reserved 1048576K
}
Event: 3292.014 GC heap before
{Heap before GC invocations=71 (full 0):
 garbage-first heap   total 219136K, used 191061K [0x0000000080000000, 0x0000000100000000)
  region size 1024K, 28 young (28672K), 2 survivors (2048K)
 Metaspace       used 117108K, committed 118080K, reserved 1179648K
  class space    used 16037K, committed 16512K, reserved 1048576K
}
Event: 3292.027 GC heap after
{Heap after GC invocations=72 (full 0):
 garbage-first heap   total 219136K, used 165723K [0x0000000080000000, 0x0000000100000000)
  region size 1024K, 3 young (3072K), 3 survivors (3072K)
 Metaspace       used 117108K, committed 118080K, reserved 1179648K
  class space    used 16037K, committed 16512K, reserved 1048576K
}
Event: 3293.100 GC heap before
{Heap before GC invocations=72 (full 0):
 garbage-first heap   total 219136K, used 190299K [0x0000000080000000, 0x0000000100000000)
  region size 1024K, 27 young (27648K), 3 survivors (3072K)
 Metaspace       used 117296K, committed 118272K, reserved 1179648K
  class space    used 16042K, committed 16512K, reserved 1048576K
}
Event: 3293.115 GC heap after
{Heap after GC invocations=73 (full 0):
 garbage-first heap   total 219136K, used 167933K [0x0000000080000000, 0x0000000100000000)
  region size 1024K, 4 young (4096K), 4 survivors (4096K)
 Metaspace       used 117296K, committed 118272K, reserved 1179648K
  class space    used 16042K, committed 16512K, reserved 1048576K
}
Event: 3293.857 GC heap before
{Heap before GC invocations=73 (full 0):
 garbage-first heap   total 219136K, used 189437K [0x0000000080000000, 0x0000000100000000)
  region size 1024K, 26 young (26624K), 4 survivors (4096K)
 Metaspace       used 119017K, committed 120064K, reserved 1179648K
  class space    used 16248K, committed 16768K, reserved 1048576K
}
Event: 3293.872 GC heap after
{Heap after GC invocations=74 (full 0):
 garbage-first heap   total 219136K, used 168633K [0x0000000080000000, 0x0000000100000000)
  region size 1024K, 1 young (1024K), 1 survivors (1024K)
 Metaspace       used 119017K, committed 120064K, reserved 1179648K
  class space    used 16248K, committed 16768K, reserved 1048576K
}
Event: 3294.390 GC heap before
{Heap before GC invocations=74 (full 0):
 garbage-first heap   total 219136K, used 190137K [0x0000000080000000, 0x0000000100000000)
  region size 1024K, 23 young (23552K), 1 survivors (1024K)
 Metaspace       used 121432K, committed 122432K, reserved 1179648K
  class space    used 16506K, committed 17024K, reserved 1048576K
}
Event: 3294.394 GC heap after
{Heap after GC invocations=75 (full 0):
 garbage-first heap   total 219136K, used 168723K [0x0000000080000000, 0x0000000100000000)
  region size 1024K, 1 young (1024K), 1 survivors (1024K)
 Metaspace       used 121432K, committed 122432K, reserved 1179648K
  class space    used 16506K, committed 17024K, reserved 1048576K
}
Event: 3294.885 GC heap before
{Heap before GC invocations=75 (full 0):
 garbage-first heap   total 219136K, used 193299K [0x0000000080000000, 0x0000000100000000)
  region size 1024K, 24 young (24576K), 1 survivors (1024K)
 Metaspace       used 122853K, committed 123840K, reserved 1179648K
  class space    used 16701K, committed 17216K, reserved 1048576K
}
Event: 3294.891 GC heap after
{Heap after GC invocations=76 (full 0):
 garbage-first heap   total 219136K, used 173205K [0x0000000080000000, 0x0000000100000000)
  region size 1024K, 3 young (3072K), 3 survivors (3072K)
 Metaspace       used 122853K, committed 123840K, reserved 1179648K
  class space    used 16701K, committed 17216K, reserved 1048576K
}
Event: 3295.115 GC heap before
{Heap before GC invocations=76 (full 0):
 garbage-first heap   total 219136K, used 191637K [0x0000000080000000, 0x0000000100000000)
  region size 1024K, 19 young (19456K), 3 survivors (3072K)
 Metaspace       used 123665K, committed 124672K, reserved 1179648K
  class space    used 16833K, committed 17344K, reserved 1048576K
}
Event: 3295.125 GC heap after
{Heap after GC invocations=77 (full 0):
 garbage-first heap   total 219136K, used 173030K [0x0000000080000000, 0x0000000100000000)
  region size 1024K, 2 young (2048K), 2 survivors (2048K)
 Metaspace       used 123665K, committed 124672K, reserved 1179648K
  class space    used 16833K, committed 17344K, reserved 1048576K
}
Event: 3295.419 GC heap before
{Heap before GC invocations=77 (full 0):
 garbage-first heap   total 219136K, used 189414K [0x0000000080000000, 0x0000000100000000)
  region size 1024K, 19 young (19456K), 2 survivors (2048K)
 Metaspace       used 125149K, committed 126144K, reserved 1179648K
  class space    used 17018K, committed 17536K, reserved 1048576K
}
Event: 3295.425 GC heap after
{Heap after GC invocations=78 (full 0):
 garbage-first heap   total 263168K, used 173653K [0x0000000080000000, 0x0000000100000000)
  region size 1024K, 2 young (2048K), 2 survivors (2048K)
 Metaspace       used 125149K, committed 126144K, reserved 1179648K
  class space    used 17018K, committed 17536K, reserved 1048576K
}
Event: 3296.882 GC heap before
{Heap before GC invocations=78 (full 0):
 garbage-first heap   total 263168K, used 226901K [0x0000000080000000, 0x0000000100000000)
  region size 1024K, 54 young (55296K), 2 survivors (2048K)
 Metaspace       used 129273K, committed 130304K, reserved 1179648K
  class space    used 17597K, committed 18112K, reserved 1048576K
}
Event: 3296.888 GC heap after
{Heap after GC invocations=79 (full 0):
 garbage-first heap   total 263168K, used 175352K [0x0000000080000000, 0x0000000100000000)
  region size 1024K, 4 young (4096K), 4 survivors (4096K)
 Metaspace       used 129273K, committed 130304K, reserved 1179648K
  class space    used 17597K, committed 18112K, reserved 1048576K
}
Event: 3298.038 GC heap before
{Heap before GC invocations=79 (full 0):
 garbage-first heap   total 263168K, used 227576K [0x0000000080000000, 0x0000000100000000)
  region size 1024K, 55 young (56320K), 4 survivors (4096K)
 Metaspace       used 132867K, committed 133888K, reserved 1179648K
  class space    used 18097K, committed 18624K, reserved 1048576K
}
Event: 3298.047 GC heap after
{Heap after GC invocations=80 (full 0):
 garbage-first heap   total 263168K, used 177642K [0x0000000080000000, 0x0000000100000000)
  region size 1024K, 6 young (6144K), 6 survivors (6144K)
 Metaspace       used 132867K, committed 133888K, reserved 1179648K
  class space    used 18097K, committed 18624K, reserved 1048576K
}

