# JRE version: OpenJDK Runtime Environment (17.0.11) (build 17.0.11+0--11852314)
# Java VM: OpenJDK 64-Bit Server VM (17.0.11+0--11852314, mixed mode, tiered, compressed oops, compressed class ptrs, g1 gc, windows-amd64)
GC Precious Log:
 CPUs: 4 total, 4 available
 Memory: 3783M
 Large Page Support: Disabled
 NUMA Support: Disabled
 Compressed Oops: Enabled (32-bit)
 Heap Region Size: 1M
 Heap Min Capacity: 8M
 Heap Initial Capacity: 60M
 Heap Max Capacity: 2G
 Pre-touch: Disabled
 Parallel Workers: 4
 Concurrent Workers: 1
 Concurrent Refinement Workers: 4
 Periodic GC: Disabled
Heap:
 garbage-first heap   total 441344K, used 358400K [0x0000000080000000, 0x0000000100000000)
  region size 1024K, 4 young (4096K), 4 survivors (4096K)
 Metaspace       used 123318K, committed 124288K, reserved 1179648K
  class space    used 16714K, committed 17216K, reserved 1048576K
GC Heap History (20 events):
Event: 303.102 GC heap after
{Heap after GC invocations=76 (full 0):
 garbage-first heap   total 329728K, used 205630K [0x0000000080000000, 0x0000000100000000)
  region size 1024K, 12 young (12288K), 12 survivors (12288K)
 Metaspace       used 120105K, committed 121024K, reserved 1179648K
  class space    used 16095K, committed 16512K, reserved 1048576K
}
Event: 309.882 GC heap before
{Heap before GC invocations=76 (full 0):
 garbage-first heap   total 329728K, used 268094K [0x0000000080000000, 0x0000000100000000)
  region size 1024K, 72 young (73728K), 12 survivors (12288K)
 Metaspace       used 120404K, committed 121344K, reserved 1179648K
  class space    used 16141K, committed 16576K, reserved 1048576K
}
Event: 310.042 GC heap after
{Heap after GC invocations=77 (full 0):
 garbage-first heap   total 329728K, used 228519K [0x0000000080000000, 0x0000000100000000)
  region size 1024K, 9 young (9216K), 9 survivors (9216K)
 Metaspace       used 120404K, committed 121344K, reserved 1179648K
  class space    used 16141K, committed 16576K, reserved 1048576K
}
Event: 311.149 GC heap before
{Heap before GC invocations=77 (full 0):
 garbage-first heap   total 329728K, used 270503K [0x0000000080000000, 0x0000000100000000)
  region size 1024K, 47 young (48128K), 9 survivors (9216K)
 Metaspace       used 120421K, committed 121344K, reserved 1179648K
  class space    used 16142K, committed 16576K, reserved 1048576K
}
Event: 311.232 GC heap after
{Heap after GC invocations=78 (full 0):
 garbage-first heap   total 329728K, used 248715K [0x0000000080000000, 0x0000000100000000)
  region size 1024K, 6 young (6144K), 6 survivors (6144K)
 Metaspace       used 120421K, committed 121344K, reserved 1179648K
  class space    used 16142K, committed 16576K, reserved 1048576K
}
Event: 312.397 GC heap before
{Heap before GC invocations=78 (full 0):
 garbage-first heap   total 329728K, used 264075K [0x0000000080000000, 0x0000000100000000)
  region size 1024K, 21 young (21504K), 6 survivors (6144K)
 Metaspace       used 120453K, committed 121344K, reserved 1179648K
  class space    used 16152K, committed 16576K, reserved 1048576K
}
Event: 312.495 GC heap after
{Heap after GC invocations=79 (full 0):
 garbage-first heap   total 329728K, used 257024K [0x0000000080000000, 0x0000000100000000)
  region size 1024K, 3 young (3072K), 3 survivors (3072K)
 Metaspace       used 120453K, committed 121344K, reserved 1179648K
  class space    used 16152K, committed 16576K, reserved 1048576K
}
Event: 321.491 GC heap before
{Heap before GC invocations=79 (full 0):
 garbage-first heap   total 329728K, used 269312K [0x0000000080000000, 0x0000000100000000)
  region size 1024K, 16 young (16384K), 3 survivors (3072K)
 Metaspace       used 121372K, committed 122240K, reserved 1179648K
  class space    used 16308K, committed 16704K, reserved 1048576K
}
Event: 321.625 GC heap after
{Heap after GC invocations=80 (full 0):
 garbage-first heap   total 441344K, used 258457K [0x0000000080000000, 0x0000000100000000)
  region size 1024K, 1 young (1024K), 1 survivors (1024K)
 Metaspace       used 121372K, committed 122240K, reserved 1179648K
  class space    used 16308K, committed 16704K, reserved 1048576K
}
Event: 329.231 GC heap before
{Heap before GC invocations=80 (full 0):
 garbage-first heap   total 441344K, used 285081K [0x0000000080000000, 0x0000000100000000)
  region size 1024K, 27 young (27648K), 1 survivors (1024K)
 Metaspace       used 123216K, committed 124096K, reserved 1179648K
  class space    used 16708K, committed 17152K, reserved 1048576K
}
Event: 329.282 GC heap after
{Heap after GC invocations=81 (full 0):
 garbage-first heap   total 441344K, used 264121K [0x0000000080000000, 0x0000000100000000)
  region size 1024K, 4 young (4096K), 4 survivors (4096K)
 Metaspace       used 123216K, committed 124096K, reserved 1179648K
  class space    used 16708K, committed 17152K, reserved 1048576K
}
Event: 330.149 GC heap before
{Heap before GC invocations=81 (full 0):
 garbage-first heap   total 441344K, used 280505K [0x0000000080000000, 0x0000000100000000)
  region size 1024K, 21 young (21504K), 4 survivors (4096K)
 Metaspace       used 123281K, committed 124224K, reserved 1179648K
  class space    used 16713K, committed 17216K, reserved 1048576K
}
Event: 330.196 GC heap after
{Heap after GC invocations=82 (full 0):
 garbage-first heap   total 441344K, used 273228K [0x0000000080000000, 0x0000000100000000)
  region size 1024K, 3 young (3072K), 3 survivors (3072K)
 Metaspace       used 123281K, committed 124224K, reserved 1179648K
  class space    used 16713K, committed 17216K, reserved 1048576K
}
Event: 331.963 GC heap before
{Heap before GC invocations=82 (full 0):
 garbage-first heap   total 441344K, used 334668K [0x0000000080000000, 0x0000000100000000)
  region size 1024K, 64 young (65536K), 3 survivors (3072K)
 Metaspace       used 123304K, committed 124224K, reserved 1179648K
  class space    used 16714K, committed 17216K, reserved 1048576K
}
Event: 332.075 GC heap after
{Heap after GC invocations=83 (full 0):
 garbage-first heap   total 441344K, used 305152K [0x0000000080000000, 0x0000000100000000)
  region size 1024K, 8 young (8192K), 8 survivors (8192K)
 Metaspace       used 123304K, committed 124224K, reserved 1179648K
  class space    used 16714K, committed 17216K, reserved 1048576K
}
Event: 333.158 GC heap before
{Heap before GC invocations=83 (full 0):
 garbage-first heap   total 441344K, used 349184K [0x0000000080000000, 0x0000000100000000)
  region size 1024K, 52 young (53248K), 8 survivors (8192K)
 Metaspace       used 123313K, committed 124224K, reserved 1179648K
  class space    used 16714K, committed 17216K, reserved 1048576K
}
Event: 333.257 GC heap after
{Heap after GC invocations=84 (full 0):
 garbage-first heap   total 441344K, used 329216K [0x0000000080000000, 0x0000000100000000)
  region size 1024K, 7 young (7168K), 7 survivors (7168K)
 Metaspace       used 123313K, committed 124224K, reserved 1179648K
  class space    used 16714K, committed 17216K, reserved 1048576K
}
Event: 333.451 GC heap before
{Heap before GC invocations=84 (full 0):
 garbage-first heap   total 441344K, used 359936K [0x0000000080000000, 0x0000000100000000)
  region size 1024K, 37 young (37888K), 7 survivors (7168K)
 Metaspace       used 123314K, committed 124224K, reserved 1179648K
  class space    used 16714K, committed 17216K, reserved 1048576K
}
Event: 333.559 GC heap after
{Heap after GC invocations=85 (full 0):
 garbage-first heap   total 441344K, used 346112K [0x0000000080000000, 0x0000000100000000)
  region size 1024K, 5 young (5120K), 5 survivors (5120K)
 Metaspace       used 123314K, committed 124224K, reserved 1179648K
  class space    used 16714K, committed 17216K, reserved 1048576K
}
Event: 334.618 GC heap before
{Heap before GC invocations=85 (full 0):
 garbage-first heap   total 441344K, used 368640K [0x0000000080000000, 0x0000000100000000)
  region size 1024K, 27 young (27648K), 5 survivors (5120K)
 Metaspace       used 123318K, committed 124288K, reserved 1179648K
  class space    used 16714K, committed 17216K, reserved 1048576K
}

